<?xml version="1.0" encoding="UTF-8"?>
<testng-results ignored="0" total="6" passed="5" failed="1" skipped="0">
  <reporter-output>
  </reporter-output>
  <suite started-at="2021-06-12T10:20:25Z" name="Default suite" finished-at="2021-06-12T10:22:01Z" duration-ms="95903">
    <groups>
    </groups>
    <test started-at="2021-06-12T10:20:25Z" name="Default test" finished-at="2021-06-12T10:22:01Z" duration-ms="95903">
      <class name="com.tsp.testCases.TC_LoginTest_001">
        <test-method is-config="true" signature="setup()[pri:0, instance:com.tsp.testCases.TC_LoginTest_001@1a72a540]" started-at="2021-06-12T15:50:25Z" name="setup" finished-at="2021-06-12T15:50:41Z" duration-ms="15505" status="PASS">
          <reporter-output>
          </reporter-output>
        </test-method> <!-- setup -->
        <test-method signature="loginTest()[pri:1, instance:com.tsp.testCases.TC_LoginTest_001@1a72a540]" started-at="2021-06-12T15:50:41Z" name="loginTest" finished-at="2021-06-12T15:51:40Z" duration-ms="59584" status="PASS">
          <reporter-output>
          </reporter-output>
        </test-method> <!-- loginTest -->
        <test-method signature="opeUserPanel()[pri:2, instance:com.tsp.testCases.TC_LoginTest_001@1a72a540]" started-at="2021-06-12T15:51:40Z" name="opeUserPanel" finished-at="2021-06-12T15:51:42Z" duration-ms="1988" status="PASS">
          <reporter-output>
          </reporter-output>
        </test-method> <!-- opeUserPanel -->
        <test-method signature="addUsers()[pri:3, instance:com.tsp.testCases.TC_LoginTest_001@1a72a540]" started-at="2021-06-12T15:51:42Z" name="addUsers" finished-at="2021-06-12T15:51:48Z" duration-ms="5920" status="FAIL">
          <exception class="java.lang.AssertionError">
            <message>
              <![CDATA[expected [true] but found [false]]]>
            </message>
            <full-stacktrace>
              <![CDATA[java.lang.AssertionError: expected [true] but found [false]
	at org.testng.Assert.fail(Assert.java:94)
	at org.testng.Assert.failNotEquals(Assert.java:513)
	at org.testng.Assert.assertTrue(Assert.java:42)
	at org.testng.Assert.assertTrue(Assert.java:52)
	at com.tsp.testCases.TC_LoginTest_001.addUsers(TC_LoginTest_001.java:58)
	at java.base/jdk.internal.reflect.NativeMethodAccessorImpl.invoke0(Native Method)
	at java.base/jdk.internal.reflect.NativeMethodAccessorImpl.invoke(NativeMethodAccessorImpl.java:64)
	at java.base/jdk.internal.reflect.DelegatingMethodAccessorImpl.invoke(DelegatingMethodAccessorImpl.java:43)
	at java.base/java.lang.reflect.Method.invoke(Method.java:564)
	at org.testng.internal.MethodInvocationHelper.invokeMethod(MethodInvocationHelper.java:104)
	at org.testng.internal.Invoker.invokeMethod(Invoker.java:645)
	at org.testng.internal.Invoker.invokeTestMethod(Invoker.java:851)
	at org.testng.internal.Invoker.invokeTestMethods(Invoker.java:1177)
	at org.testng.internal.TestMethodWorker.invokeTestMethods(TestMethodWorker.java:129)
	at org.testng.internal.TestMethodWorker.run(TestMethodWorker.java:112)
	at org.testng.TestRunner.privateRun(TestRunner.java:756)
	at org.testng.TestRunner.run(TestRunner.java:610)
	at org.testng.SuiteRunner.runTest(SuiteRunner.java:387)
	at org.testng.SuiteRunner.runSequentially(SuiteRunner.java:382)
	at org.testng.SuiteRunner.privateRun(SuiteRunner.java:340)
	at org.testng.SuiteRunner.run(SuiteRunner.java:289)
	at org.testng.SuiteRunnerWorker.runSuite(SuiteRunnerWorker.java:52)
	at org.testng.SuiteRunnerWorker.run(SuiteRunnerWorker.java:86)
	at org.testng.TestNG.runSuitesSequentially(TestNG.java:1293)
	at org.testng.TestNG.runSuitesLocally(TestNG.java:1218)
	at org.testng.TestNG.runSuites(TestNG.java:1133)
	at org.testng.TestNG.run(TestNG.java:1104)
	at org.testng.remote.AbstractRemoteTestNG.run(AbstractRemoteTestNG.java:115)
	at org.testng.remote.RemoteTestNG.initAndRun(RemoteTestNG.java:251)
	at org.testng.remote.RemoteTestNG.main(RemoteTestNG.java:77)
]]>
            </full-stacktrace>
          </exception> <!-- java.lang.AssertionError -->
          <reporter-output>
          </reporter-output>
        </test-method> <!-- addUsers -->
        <test-method signature="sort()[pri:4, instance:com.tsp.testCases.TC_LoginTest_001@1a72a540]" started-at="2021-06-12T15:51:48Z" name="sort" finished-at="2021-06-12T15:51:49Z" duration-ms="1045" status="PASS">
          <reporter-output>
          </reporter-output>
        </test-method> <!-- sort -->
        <test-method signature="search()[pri:5, instance:com.tsp.testCases.TC_LoginTest_001@1a72a540]" started-at="2021-06-12T15:51:49Z" name="search" finished-at="2021-06-12T15:51:52Z" duration-ms="2708" status="PASS">
          <reporter-output>
          </reporter-output>
        </test-method> <!-- search -->
        <test-method signature="editUser()[pri:6, instance:com.tsp.testCases.TC_LoginTest_001@1a72a540]" started-at="2021-06-12T15:51:52Z" name="editUser" finished-at="2021-06-12T15:51:55Z" duration-ms="3177" status="PASS">
          <reporter-output>
          </reporter-output>
        </test-method> <!-- editUser -->
        <test-method is-config="true" signature="tearDown()[pri:0, instance:com.tsp.testCases.TC_LoginTest_001@1a72a540]" started-at="2021-06-12T15:51:55Z" name="tearDown" finished-at="2021-06-12T15:52:01Z" duration-ms="5904" status="PASS">
          <reporter-output>
          </reporter-output>
        </test-method> <!-- tearDown -->
      </class> <!-- com.tsp.testCases.TC_LoginTest_001 -->
    </test> <!-- Default test -->
  </suite> <!-- Default suite -->
</testng-results>
